error: Esto es un error
fatal: Esto es un error fatal
error: Esto es un error
fatal: Esto es un error fatal
error: No anda el filter
error: No anda el filter
error: No anda el filter
error: No anda el filter
error: No anda el filter
error: No anda el filter
error: No anda el filter
error: Not create ticket
error: Not create ticket
error: undefined
error: undefined
error: undefined
error: undefined
error: undefined
error: undefined
error: undefined
error: undefined
error: undefined
error: undefined
error: undefined
error: undefined
error: undefined
error: undefined
error: undefined
error: undefined
error: undefined
error: undefined
error: undefined
error: undefined
error: undefined
error: undefined
error: undefined
error: undefined
error: undefined
error: undefined
error: undefined
error: undefined
error: undefined
error: undefined
error: undefined
error: undefined
error: undefined
error: undefined
error: undefined
error: undefined
error: undefined
error: undefined
error: undefined
error: undefined
error: undefined
error: undefined
error: undefined
error: undefined
error: undefined
error: undefined
error: undefined
error: undefined
error: undefined
error: undefined
error: undefined
error: undefined
error: undefined
error: undefined
error: undefined
error: undefined
error: Not create ticket
error: Product dont modified
error: undefined
error: undefined
error: undefined
error: undefined
error: undefined
error: undefined
error: undefined
error: undefined
error: undefined
error: undefined
error: undefined
error: undefined
error: undefined
error: Product dont modified
fatal: Product incompleted
fatal: Product incompleted
fatal: Product incompleted
fatal: Product incompleted
error: undefined
fatal: Product incompleted
error: undefined
fatal: Product incompleted
fatal: Product incompleted
fatal: Product incompleted
fatal: Product incompleted
fatal: Product incompleted
fatal: Product incompleted
fatal: Product incompleted
error: undefined
error: undefined
error: undefined
error: undefined
error: undefined
error: undefined
error: undefined
